{
  "RSpec": {
    "coverage": {
      "/Users/chriscooney/projects/makers/Week_4/daily_dairy_app/spec/features/diary_app_features_spec.rb": {
        "lines": [
          null,
          null,
          1,
          1,
          1,
          1,
          null,
          null,
          1,
          1,
          1,
          null,
          null,
          null,
          1,
          1,
          1,
          1,
          null,
          null
        ]
      }
    },
    "timestamp": 1591264128
  }
}
